{"/JULIAN DOCUMENTOS/MICROVERSE/tic-tac-toe-Javascript/assetsTransformer.js": {"path":"/JULIAN DOCUMENTOS/MICROVERSE/tic-tac-toe-Javascript/assetsTransformer.js","statementMap":{"0":{"start":{"line":1,"column":13},"end":{"line":1,"column":28}},"1":{"start":{"line":3,"column":0},"end":{"line":7,"column":2}},"2":{"start":{"line":5,"column":4},"end":{"line":5,"column":74}}},"fnMap":{"0":{"name":"(anonymous_0)","decl":{"start":{"line":4,"column":2},"end":{"line":4,"column":3}},"loc":{"start":{"line":4,"column":42},"end":{"line":6,"column":3}},"line":4}},"branchMap":{},"s":{"0":1,"1":1,"2":0},"f":{"0":0},"b":{},"_coverageSchema":"1a1c01bbd47fc00a2c39e90264f33305004495a9","hash":"9bf470cec043e9d37da7f8b00be3fa4893608440"}
,"/JULIAN DOCUMENTOS/MICROVERSE/tic-tac-toe-Javascript/src/js/board.js": {"path":"/JULIAN DOCUMENTOS/MICROVERSE/tic-tac-toe-Javascript/src/js/board.js","statementMap":{"0":{"start":{"line":1,"column":18},"end":{"line":4,"column":4}},"1":{"start":{"line":2,"column":16},"end":{"line":2,"column":52}},"2":{"start":{"line":3,"column":2},"end":{"line":3,"column":19}}},"fnMap":{"0":{"name":"(anonymous_0)","decl":{"start":{"line":1,"column":19},"end":{"line":1,"column":20}},"loc":{"start":{"line":1,"column":25},"end":{"line":4,"column":1}},"line":1}},"branchMap":{},"s":{"0":1,"1":1,"2":1},"f":{"0":1},"b":{},"_coverageSchema":"1a1c01bbd47fc00a2c39e90264f33305004495a9","hash":"7de758bc072a68aea11f29b4ebe4a2bf13b8c625"}
,"/JULIAN DOCUMENTOS/MICROVERSE/tic-tac-toe-Javascript/src/js/game.js": {"path":"/JULIAN DOCUMENTOS/MICROVERSE/tic-tac-toe-Javascript/src/js/game.js","statementMap":{"0":{"start":{"line":8,"column":13},"end":{"line":39,"column":4}},"1":{"start":{"line":9,"column":18},"end":{"line":9,"column":41}},"2":{"start":{"line":10,"column":19},"end":{"line":10,"column":43}},"3":{"start":{"line":11,"column":17},"end":{"line":11,"column":39}},"4":{"start":{"line":12,"column":2},"end":{"line":12,"column":21}},"5":{"start":{"line":13,"column":16},"end":{"line":13,"column":37}},"6":{"start":{"line":15,"column":20},"end":{"line":15,"column":44}},"7":{"start":{"line":16,"column":18},"end":{"line":16,"column":20}},"8":{"start":{"line":17,"column":18},"end":{"line":17,"column":20}},"9":{"start":{"line":18,"column":16},"end":{"line":18,"column":31}},"10":{"start":{"line":19,"column":24},"end":{"line":19,"column":26}},"11":{"start":{"line":21,"column":21},"end":{"line":21,"column":26}},"12":{"start":{"line":22,"column":15},"end":{"line":22,"column":46}},"13":{"start":{"line":23,"column":18},"end":{"line":23,"column":52}},"14":{"start":{"line":25,"column":2},"end":{"line":38,"column":4}}},"fnMap":{"0":{"name":"(anonymous_0)","decl":{"start":{"line":8,"column":14},"end":{"line":8,"column":15}},"loc":{"start":{"line":8,"column":20},"end":{"line":39,"column":1}},"line":8}},"branchMap":{},"s":{"0":1,"1":1,"2":1,"3":1,"4":1,"5":1,"6":1,"7":1,"8":1,"9":1,"10":1,"11":1,"12":1,"13":1,"14":1},"f":{"0":1},"b":{},"_coverageSchema":"1a1c01bbd47fc00a2c39e90264f33305004495a9","hash":"70c720b1edb858a94a7ace59ea46051694d81d52"}
,"/JULIAN DOCUMENTOS/MICROVERSE/tic-tac-toe-Javascript/src/js/initialBox.js": {"path":"/JULIAN DOCUMENTOS/MICROVERSE/tic-tac-toe-Javascript/src/js/initialBox.js","statementMap":{"0":{"start":{"line":1,"column":19},"end":{"line":15,"column":1}},"1":{"start":{"line":2,"column":15},"end":{"line":2,"column":32}},"2":{"start":{"line":3,"column":15},"end":{"line":3,"column":33}},"3":{"start":{"line":4,"column":24},"end":{"line":4,"column":64}},"4":{"start":{"line":5,"column":20},"end":{"line":5,"column":56}},"5":{"start":{"line":6,"column":2},"end":{"line":14,"column":3}},"6":{"start":{"line":8,"column":4},"end":{"line":8,"column":42}},"7":{"start":{"line":9,"column":4},"end":{"line":9,"column":45}},"8":{"start":{"line":10,"column":4},"end":{"line":10,"column":55}},"9":{"start":{"line":11,"column":4},"end":{"line":11,"column":34}},"10":{"start":{"line":12,"column":4},"end":{"line":12,"column":38}},"11":{"start":{"line":13,"column":4},"end":{"line":13,"column":92}}},"fnMap":{"0":{"name":"(anonymous_0)","decl":{"start":{"line":1,"column":19},"end":{"line":1,"column":20}},"loc":{"start":{"line":1,"column":25},"end":{"line":15,"column":1}},"line":1}},"branchMap":{"0":{"loc":{"start":{"line":6,"column":2},"end":{"line":14,"column":3}},"type":"if","locations":[{"start":{"line":6,"column":2},"end":{"line":14,"column":3}},{"start":{"line":6,"column":2},"end":{"line":14,"column":3}}],"line":6}},"s":{"0":1,"1":1,"2":1,"3":1,"4":1,"5":1,"6":0,"7":0,"8":0,"9":0,"10":0,"11":0},"f":{"0":1},"b":{"0":[0,1]},"_coverageSchema":"1a1c01bbd47fc00a2c39e90264f33305004495a9","hash":"21f5cd6286d862a6f6eb02480a1770a642e3b782"}
,"/JULIAN DOCUMENTOS/MICROVERSE/tic-tac-toe-Javascript/src/js/logic.js": {"path":"/JULIAN DOCUMENTOS/MICROVERSE/tic-tac-toe-Javascript/src/js/logic.js","statementMap":{"0":{"start":{"line":5,"column":0},"end":{"line":5,"column":28}},"1":{"start":{"line":6,"column":0},"end":{"line":6,"column":32}},"2":{"start":{"line":8,"column":28},"end":{"line":8,"column":74}},"3":{"start":{"line":8,"column":34},"end":{"line":8,"column":74}},"4":{"start":{"line":10,"column":25},"end":{"line":15,"column":1}},"5":{"start":{"line":10,"column":31},"end":{"line":15,"column":1}},"6":{"start":{"line":17,"column":32},"end":{"line":20,"column":1}},"7":{"start":{"line":18,"column":17},"end":{"line":18,"column":28}},"8":{"start":{"line":19,"column":2},"end":{"line":19,"column":78}},"9":{"start":{"line":22,"column":26},"end":{"line":25,"column":1}},"10":{"start":{"line":23,"column":2},"end":{"line":23,"column":54}},"11":{"start":{"line":24,"column":2},"end":{"line":24,"column":62}},"12":{"start":{"line":27,"column":31},"end":{"line":30,"column":1}},"13":{"start":{"line":28,"column":2},"end":{"line":28,"column":62}},"14":{"start":{"line":29,"column":2},"end":{"line":29,"column":66}},"15":{"start":{"line":32,"column":27},"end":{"line":36,"column":1}},"16":{"start":{"line":33,"column":2},"end":{"line":35,"column":3}},"17":{"start":{"line":34,"column":4},"end":{"line":34,"column":24}},"18":{"start":{"line":38,"column":27},"end":{"line":38,"column":53}},"19":{"start":{"line":38,"column":37},"end":{"line":38,"column":53}},"20":{"start":{"line":40,"column":30},"end":{"line":42,"column":1}},"21":{"start":{"line":41,"column":2},"end":{"line":41,"column":50}},"22":{"start":{"line":44,"column":32},"end":{"line":46,"column":1}},"23":{"start":{"line":45,"column":2},"end":{"line":45,"column":91}},"24":{"start":{"line":48,"column":27},"end":{"line":114,"column":1}},"25":{"start":{"line":49,"column":2},"end":{"line":56,"column":3}},"26":{"start":{"line":55,"column":4},"end":{"line":55,"column":27}},"27":{"start":{"line":57,"column":2},"end":{"line":64,"column":3}},"28":{"start":{"line":63,"column":4},"end":{"line":63,"column":27}},"29":{"start":{"line":65,"column":2},"end":{"line":72,"column":3}},"30":{"start":{"line":71,"column":4},"end":{"line":71,"column":27}},"31":{"start":{"line":73,"column":2},"end":{"line":80,"column":3}},"32":{"start":{"line":79,"column":4},"end":{"line":79,"column":27}},"33":{"start":{"line":81,"column":2},"end":{"line":88,"column":3}},"34":{"start":{"line":87,"column":4},"end":{"line":87,"column":27}},"35":{"start":{"line":89,"column":2},"end":{"line":96,"column":3}},"36":{"start":{"line":95,"column":4},"end":{"line":95,"column":27}},"37":{"start":{"line":97,"column":2},"end":{"line":104,"column":3}},"38":{"start":{"line":103,"column":4},"end":{"line":103,"column":27}},"39":{"start":{"line":105,"column":2},"end":{"line":112,"column":3}},"40":{"start":{"line":111,"column":4},"end":{"line":111,"column":27}},"41":{"start":{"line":113,"column":2},"end":{"line":113,"column":15}},"42":{"start":{"line":116,"column":24},"end":{"line":121,"column":1}},"43":{"start":{"line":117,"column":2},"end":{"line":120,"column":3}},"44":{"start":{"line":119,"column":4},"end":{"line":119,"column":36}},"45":{"start":{"line":123,"column":29},"end":{"line":128,"column":1}},"46":{"start":{"line":124,"column":2},"end":{"line":124,"column":55}},"47":{"start":{"line":125,"column":2},"end":{"line":125,"column":51}},"48":{"start":{"line":126,"column":2},"end":{"line":126,"column":51}},"49":{"start":{"line":127,"column":2},"end":{"line":127,"column":51}},"50":{"start":{"line":130,"column":24},"end":{"line":130,"column":62}},"51":{"start":{"line":130,"column":30},"end":{"line":130,"column":62}},"52":{"start":{"line":132,"column":25},"end":{"line":139,"column":1}},"53":{"start":{"line":133,"column":16},"end":{"line":133,"column":26}},"54":{"start":{"line":134,"column":2},"end":{"line":134,"column":44}},"55":{"start":{"line":135,"column":2},"end":{"line":135,"column":26}},"56":{"start":{"line":136,"column":2},"end":{"line":138,"column":10}},"57":{"start":{"line":137,"column":4},"end":{"line":137,"column":22}},"58":{"start":{"line":141,"column":30},"end":{"line":149,"column":1}},"59":{"start":{"line":142,"column":16},"end":{"line":142,"column":18}},"60":{"start":{"line":144,"column":2},"end":{"line":146,"column":3}},"61":{"start":{"line":144,"column":16},"end":{"line":144,"column":17}},"62":{"start":{"line":145,"column":4},"end":{"line":145,"column":38}},"63":{"start":{"line":145,"column":23},"end":{"line":145,"column":38}},"64":{"start":{"line":148,"column":2},"end":{"line":148,"column":15}},"65":{"start":{"line":151,"column":26},"end":{"line":156,"column":1}},"66":{"start":{"line":152,"column":2},"end":{"line":152,"column":41}},"67":{"start":{"line":153,"column":2},"end":{"line":155,"column":5}},"68":{"start":{"line":154,"column":4},"end":{"line":154,"column":36}},"69":{"start":{"line":158,"column":21},"end":{"line":168,"column":1}},"70":{"start":{"line":159,"column":2},"end":{"line":164,"column":3}},"71":{"start":{"line":160,"column":4},"end":{"line":160,"column":17}},"72":{"start":{"line":161,"column":4},"end":{"line":161,"column":28}},"73":{"start":{"line":162,"column":4},"end":{"line":162,"column":30}},"74":{"start":{"line":163,"column":4},"end":{"line":163,"column":16}},"75":{"start":{"line":166,"column":2},"end":{"line":166,"column":53}},"76":{"start":{"line":167,"column":2},"end":{"line":167,"column":15}},"77":{"start":{"line":170,"column":27},"end":{"line":183,"column":1}},"78":{"start":{"line":172,"column":2},"end":{"line":182,"column":3}},"79":{"start":{"line":174,"column":4},"end":{"line":178,"column":6}},"80":{"start":{"line":180,"column":4},"end":{"line":180,"column":91}},"81":{"start":{"line":181,"column":4},"end":{"line":181,"column":12}},"82":{"start":{"line":185,"column":24},"end":{"line":190,"column":1}},"83":{"start":{"line":186,"column":2},"end":{"line":188,"column":3}},"84":{"start":{"line":187,"column":4},"end":{"line":187,"column":16}},"85":{"start":{"line":189,"column":2},"end":{"line":189,"column":15}},"86":{"start":{"line":192,"column":23},"end":{"line":243,"column":1}},"87":{"start":{"line":193,"column":2},"end":{"line":193,"column":80}},"88":{"start":{"line":193,"column":53},"end":{"line":193,"column":80}},"89":{"start":{"line":194,"column":2},"end":{"line":194,"column":80}},"90":{"start":{"line":194,"column":53},"end":{"line":194,"column":80}},"91":{"start":{"line":195,"column":2},"end":{"line":195,"column":51}},"92":{"start":{"line":195,"column":26},"end":{"line":195,"column":51}},"93":{"start":{"line":197,"column":23},"end":{"line":197,"column":47}},"94":{"start":{"line":199,"column":16},"end":{"line":199,"column":18}},"95":{"start":{"line":201,"column":2},"end":{"line":220,"column":3}},"96":{"start":{"line":201,"column":15},"end":{"line":201,"column":16}},"97":{"start":{"line":202,"column":15},"end":{"line":202,"column":30}},"98":{"start":{"line":204,"column":19},"end":{"line":204,"column":31}},"99":{"start":{"line":206,"column":4},"end":{"line":206,"column":26}},"100":{"start":{"line":208,"column":17},"end":{"line":208,"column":19}},"101":{"start":{"line":209,"column":4},"end":{"line":209,"column":17}},"102":{"start":{"line":211,"column":4},"end":{"line":215,"column":5}},"103":{"start":{"line":212,"column":6},"end":{"line":212,"column":77}},"104":{"start":{"line":214,"column":6},"end":{"line":214,"column":77}},"105":{"start":{"line":217,"column":4},"end":{"line":217,"column":26}},"106":{"start":{"line":219,"column":4},"end":{"line":219,"column":21}},"107":{"start":{"line":224,"column":2},"end":{"line":240,"column":3}},"108":{"start":{"line":225,"column":25},"end":{"line":225,"column":34}},"109":{"start":{"line":226,"column":4},"end":{"line":231,"column":5}},"110":{"start":{"line":226,"column":17},"end":{"line":226,"column":18}},"111":{"start":{"line":227,"column":6},"end":{"line":230,"column":7}},"112":{"start":{"line":228,"column":8},"end":{"line":228,"column":45}},"113":{"start":{"line":229,"column":8},"end":{"line":229,"column":28}},"114":{"start":{"line":233,"column":25},"end":{"line":233,"column":34}},"115":{"start":{"line":234,"column":4},"end":{"line":239,"column":5}},"116":{"start":{"line":234,"column":17},"end":{"line":234,"column":18}},"117":{"start":{"line":235,"column":6},"end":{"line":238,"column":7}},"118":{"start":{"line":236,"column":8},"end":{"line":236,"column":45}},"119":{"start":{"line":237,"column":8},"end":{"line":237,"column":28}},"120":{"start":{"line":242,"column":2},"end":{"line":242,"column":18}},"121":{"start":{"line":245,"column":27},"end":{"line":268,"column":1}},"122":{"start":{"line":246,"column":2},"end":{"line":267,"column":3}},"123":{"start":{"line":247,"column":4},"end":{"line":247,"column":53}},"124":{"start":{"line":248,"column":4},"end":{"line":266,"column":5}},"125":{"start":{"line":249,"column":6},"end":{"line":249,"column":27}},"126":{"start":{"line":250,"column":6},"end":{"line":250,"column":20}},"127":{"start":{"line":251,"column":6},"end":{"line":259,"column":7}},"128":{"start":{"line":255,"column":23},"end":{"line":255,"column":66}},"129":{"start":{"line":256,"column":8},"end":{"line":256,"column":54}},"130":{"start":{"line":257,"column":8},"end":{"line":257,"column":29}},"131":{"start":{"line":258,"column":8},"end":{"line":258,"column":22}},"132":{"start":{"line":260,"column":11},"end":{"line":266,"column":5}},"133":{"start":{"line":264,"column":6},"end":{"line":264,"column":27}},"134":{"start":{"line":265,"column":6},"end":{"line":265,"column":20}},"135":{"start":{"line":270,"column":27},"end":{"line":288,"column":1}},"136":{"start":{"line":271,"column":2},"end":{"line":271,"column":67}},"137":{"start":{"line":272,"column":2},"end":{"line":272,"column":44}},"138":{"start":{"line":273,"column":14},"end":{"line":273,"column":43}},"139":{"start":{"line":274,"column":2},"end":{"line":274,"column":36}},"140":{"start":{"line":275,"column":2},"end":{"line":279,"column":3}},"141":{"start":{"line":275,"column":15},"end":{"line":275,"column":16}},"142":{"start":{"line":276,"column":17},"end":{"line":276,"column":46}},"143":{"start":{"line":277,"column":4},"end":{"line":277,"column":40}},"144":{"start":{"line":278,"column":4},"end":{"line":278,"column":26}},"145":{"start":{"line":280,"column":2},"end":{"line":280,"column":56}},"146":{"start":{"line":282,"column":2},"end":{"line":287,"column":5}},"147":{"start":{"line":283,"column":4},"end":{"line":286,"column":7}},"148":{"start":{"line":284,"column":6},"end":{"line":284,"column":20}},"149":{"start":{"line":285,"column":6},"end":{"line":285,"column":31}},"150":{"start":{"line":290,"column":21},"end":{"line":293,"column":1}},"151":{"start":{"line":291,"column":2},"end":{"line":291,"column":25}},"152":{"start":{"line":292,"column":2},"end":{"line":292,"column":16}},"153":{"start":{"line":295,"column":29},"end":{"line":295,"column":78}},"154":{"start":{"line":295,"column":40},"end":{"line":295,"column":78}},"155":{"start":{"line":297,"column":30},"end":{"line":321,"column":1}},"156":{"start":{"line":298,"column":2},"end":{"line":306,"column":3}},"157":{"start":{"line":299,"column":4},"end":{"line":301,"column":5}},"158":{"start":{"line":300,"column":6},"end":{"line":300,"column":80}},"159":{"start":{"line":302,"column":4},"end":{"line":304,"column":5}},"160":{"start":{"line":303,"column":6},"end":{"line":303,"column":80}},"161":{"start":{"line":305,"column":4},"end":{"line":305,"column":17}},"162":{"start":{"line":307,"column":2},"end":{"line":319,"column":3}},"163":{"start":{"line":308,"column":4},"end":{"line":312,"column":6}},"164":{"start":{"line":313,"column":4},"end":{"line":317,"column":6}},"165":{"start":{"line":318,"column":4},"end":{"line":318,"column":17}},"166":{"start":{"line":320,"column":2},"end":{"line":320,"column":14}},"167":{"start":{"line":323,"column":32},"end":{"line":370,"column":1}},"168":{"start":{"line":324,"column":2},"end":{"line":355,"column":3}},"169":{"start":{"line":332,"column":4},"end":{"line":343,"column":5}},"170":{"start":{"line":338,"column":6},"end":{"line":342,"column":8}},"171":{"start":{"line":344,"column":4},"end":{"line":353,"column":5}},"172":{"start":{"line":348,"column":6},"end":{"line":352,"column":8}},"173":{"start":{"line":354,"column":4},"end":{"line":354,"column":17}},"174":{"start":{"line":356,"column":2},"end":{"line":368,"column":3}},"175":{"start":{"line":357,"column":4},"end":{"line":361,"column":6}},"176":{"start":{"line":362,"column":4},"end":{"line":366,"column":6}},"177":{"start":{"line":367,"column":4},"end":{"line":367,"column":17}},"178":{"start":{"line":369,"column":2},"end":{"line":369,"column":14}},"179":{"start":{"line":372,"column":26},"end":{"line":391,"column":1}},"180":{"start":{"line":373,"column":20},"end":{"line":373,"column":48}},"181":{"start":{"line":374,"column":25},"end":{"line":374,"column":63}},"182":{"start":{"line":375,"column":2},"end":{"line":390,"column":3}},"183":{"start":{"line":376,"column":4},"end":{"line":376,"column":61}},"184":{"start":{"line":377,"column":4},"end":{"line":382,"column":5}},"185":{"start":{"line":378,"column":6},"end":{"line":378,"column":63}},"186":{"start":{"line":380,"column":6},"end":{"line":380,"column":43}},"187":{"start":{"line":381,"column":6},"end":{"line":381,"column":36}},"188":{"start":{"line":383,"column":4},"end":{"line":383,"column":22}},"189":{"start":{"line":384,"column":4},"end":{"line":384,"column":25}},"190":{"start":{"line":385,"column":4},"end":{"line":387,"column":13}},"191":{"start":{"line":386,"column":6},"end":{"line":386,"column":25}},"192":{"start":{"line":388,"column":4},"end":{"line":388,"column":38}},"193":{"start":{"line":389,"column":4},"end":{"line":389,"column":12}},"194":{"start":{"line":393,"column":33},"end":{"line":398,"column":1}},"195":{"start":{"line":394,"column":24},"end":{"line":394,"column":70}},"196":{"start":{"line":395,"column":29},"end":{"line":396,"column":10}},"197":{"start":{"line":397,"column":2},"end":{"line":397,"column":45}},"198":{"start":{"line":400,"column":31},"end":{"line":404,"column":1}},"199":{"start":{"line":401,"column":2},"end":{"line":403,"column":3}},"200":{"start":{"line":402,"column":4},"end":{"line":402,"column":34}},"201":{"start":{"line":406,"column":31},"end":{"line":414,"column":1}},"202":{"start":{"line":408,"column":2},"end":{"line":412,"column":3}},"203":{"start":{"line":409,"column":4},"end":{"line":409,"column":27}},"204":{"start":{"line":411,"column":4},"end":{"line":411,"column":29}},"205":{"start":{"line":413,"column":2},"end":{"line":413,"column":22}},"206":{"start":{"line":417,"column":2},"end":{"line":454,"column":4}},"207":{"start":{"line":418,"column":4},"end":{"line":418,"column":17}},"208":{"start":{"line":419,"column":25},"end":{"line":419,"column":46}},"209":{"start":{"line":421,"column":4},"end":{"line":423,"column":78}},"210":{"start":{"line":425,"column":4},"end":{"line":426,"column":65}},"211":{"start":{"line":427,"column":4},"end":{"line":432,"column":65}},"212":{"start":{"line":434,"column":4},"end":{"line":446,"column":5}},"213":{"start":{"line":435,"column":6},"end":{"line":437,"column":85}},"214":{"start":{"line":438,"column":6},"end":{"line":439,"column":67}},"215":{"start":{"line":440,"column":6},"end":{"line":445,"column":67}},"216":{"start":{"line":447,"column":21},"end":{"line":447,"column":53}},"217":{"start":{"line":448,"column":4},"end":{"line":448,"column":30}},"218":{"start":{"line":449,"column":4},"end":{"line":449,"column":65}},"219":{"start":{"line":450,"column":4},"end":{"line":452,"column":7}},"220":{"start":{"line":451,"column":6},"end":{"line":451,"column":16}},"221":{"start":{"line":453,"column":4},"end":{"line":453,"column":67}},"222":{"start":{"line":455,"column":2},"end":{"line":478,"column":4}},"223":{"start":{"line":456,"column":19},"end":{"line":456,"column":30}},"224":{"start":{"line":457,"column":4},"end":{"line":459,"column":7}},"225":{"start":{"line":458,"column":6},"end":{"line":458,"column":27}},"226":{"start":{"line":460,"column":4},"end":{"line":477,"column":5}},"227":{"start":{"line":461,"column":28},"end":{"line":461,"column":49}},"228":{"start":{"line":462,"column":33},"end":{"line":462,"column":54}},"229":{"start":{"line":463,"column":28},"end":{"line":463,"column":49}},"230":{"start":{"line":464,"column":33},"end":{"line":464,"column":54}},"231":{"start":{"line":466,"column":6},"end":{"line":472,"column":8}},"232":{"start":{"line":474,"column":28},"end":{"line":474,"column":50}},"233":{"start":{"line":475,"column":33},"end":{"line":475,"column":55}},"234":{"start":{"line":476,"column":6},"end":{"line":476,"column":73}},"235":{"start":{"line":481,"column":28},"end":{"line":484,"column":1}},"236":{"start":{"line":482,"column":19},"end":{"line":482,"column":36}},"237":{"start":{"line":483,"column":2},"end":{"line":483,"column":34}},"238":{"start":{"line":486,"column":30},"end":{"line":503,"column":1}},"239":{"start":{"line":487,"column":2},"end":{"line":502,"column":3}},"240":{"start":{"line":488,"column":4},"end":{"line":490,"column":59}},"241":{"start":{"line":491,"column":4},"end":{"line":492,"column":93}},"242":{"start":{"line":493,"column":4},"end":{"line":494,"column":87}},"243":{"start":{"line":496,"column":4},"end":{"line":498,"column":7}},"244":{"start":{"line":497,"column":6},"end":{"line":497,"column":22}},"245":{"start":{"line":499,"column":4},"end":{"line":501,"column":7}},"246":{"start":{"line":500,"column":6},"end":{"line":500,"column":22}},"247":{"start":{"line":506,"column":2},"end":{"line":509,"column":4}},"248":{"start":{"line":507,"column":4},"end":{"line":507,"column":17}},"249":{"start":{"line":508,"column":4},"end":{"line":508,"column":27}},"250":{"start":{"line":511,"column":24},"end":{"line":511,"column":38}},"251":{"start":{"line":513,"column":26},"end":{"line":516,"column":1}},"252":{"start":{"line":514,"column":2},"end":{"line":514,"column":22}},"253":{"start":{"line":515,"column":2},"end":{"line":515,"column":49}},"254":{"start":{"line":518,"column":27},"end":{"line":525,"column":1}},"255":{"start":{"line":519,"column":25},"end":{"line":519,"column":35}},"256":{"start":{"line":520,"column":2},"end":{"line":524,"column":3}},"257":{"start":{"line":521,"column":4},"end":{"line":521,"column":17}},"258":{"start":{"line":522,"column":4},"end":{"line":522,"column":54}},"259":{"start":{"line":523,"column":4},"end":{"line":523,"column":66}},"260":{"start":{"line":527,"column":0},"end":{"line":530,"column":2}},"261":{"start":{"line":532,"column":0},"end":{"line":534,"column":1}},"262":{"start":{"line":533,"column":2},"end":{"line":533,"column":76}}},"fnMap":{"0":{"name":"(anonymous_0)","decl":{"start":{"line":8,"column":28},"end":{"line":8,"column":29}},"loc":{"start":{"line":8,"column":34},"end":{"line":8,"column":74}},"line":8},"1":{"name":"(anonymous_1)","decl":{"start":{"line":10,"column":25},"end":{"line":10,"column":26}},"loc":{"start":{"line":10,"column":31},"end":{"line":15,"column":1}},"line":10},"2":{"name":"(anonymous_2)","decl":{"start":{"line":17,"column":32},"end":{"line":17,"column":33}},"loc":{"start":{"line":17,"column":38},"end":{"line":20,"column":1}},"line":17},"3":{"name":"(anonymous_3)","decl":{"start":{"line":22,"column":26},"end":{"line":22,"column":27}},"loc":{"start":{"line":22,"column":52},"end":{"line":25,"column":1}},"line":22},"4":{"name":"(anonymous_4)","decl":{"start":{"line":27,"column":31},"end":{"line":27,"column":32}},"loc":{"start":{"line":27,"column":37},"end":{"line":30,"column":1}},"line":27},"5":{"name":"(anonymous_5)","decl":{"start":{"line":32,"column":27},"end":{"line":32,"column":28}},"loc":{"start":{"line":32,"column":33},"end":{"line":36,"column":1}},"line":32},"6":{"name":"(anonymous_6)","decl":{"start":{"line":38,"column":27},"end":{"line":38,"column":28}},"loc":{"start":{"line":38,"column":37},"end":{"line":38,"column":53}},"line":38},"7":{"name":"(anonymous_7)","decl":{"start":{"line":40,"column":30},"end":{"line":40,"column":31}},"loc":{"start":{"line":40,"column":40},"end":{"line":42,"column":1}},"line":40},"8":{"name":"(anonymous_8)","decl":{"start":{"line":44,"column":32},"end":{"line":44,"column":33}},"loc":{"start":{"line":44,"column":40},"end":{"line":46,"column":1}},"line":44},"9":{"name":"(anonymous_9)","decl":{"start":{"line":48,"column":27},"end":{"line":48,"column":28}},"loc":{"start":{"line":48,"column":53},"end":{"line":114,"column":1}},"line":48},"10":{"name":"(anonymous_10)","decl":{"start":{"line":116,"column":24},"end":{"line":116,"column":25}},"loc":{"start":{"line":116,"column":37},"end":{"line":121,"column":1}},"line":116},"11":{"name":"(anonymous_11)","decl":{"start":{"line":123,"column":29},"end":{"line":123,"column":30}},"loc":{"start":{"line":123,"column":61},"end":{"line":128,"column":1}},"line":123},"12":{"name":"(anonymous_12)","decl":{"start":{"line":130,"column":24},"end":{"line":130,"column":25}},"loc":{"start":{"line":130,"column":30},"end":{"line":130,"column":62}},"line":130},"13":{"name":"(anonymous_13)","decl":{"start":{"line":132,"column":25},"end":{"line":132,"column":26}},"loc":{"start":{"line":132,"column":50},"end":{"line":139,"column":1}},"line":132},"14":{"name":"(anonymous_14)","decl":{"start":{"line":136,"column":13},"end":{"line":136,"column":14}},"loc":{"start":{"line":136,"column":19},"end":{"line":138,"column":3}},"line":136},"15":{"name":"(anonymous_15)","decl":{"start":{"line":141,"column":30},"end":{"line":141,"column":31}},"loc":{"start":{"line":141,"column":44},"end":{"line":149,"column":1}},"line":141},"16":{"name":"(anonymous_16)","decl":{"start":{"line":151,"column":26},"end":{"line":151,"column":27}},"loc":{"start":{"line":151,"column":32},"end":{"line":156,"column":1}},"line":151},"17":{"name":"(anonymous_17)","decl":{"start":{"line":153,"column":45},"end":{"line":153,"column":46}},"loc":{"start":{"line":153,"column":55},"end":{"line":155,"column":3}},"line":153},"18":{"name":"(anonymous_18)","decl":{"start":{"line":158,"column":21},"end":{"line":158,"column":22}},"loc":{"start":{"line":158,"column":27},"end":{"line":168,"column":1}},"line":158},"19":{"name":"(anonymous_19)","decl":{"start":{"line":170,"column":27},"end":{"line":170,"column":28}},"loc":{"start":{"line":170,"column":33},"end":{"line":183,"column":1}},"line":170},"20":{"name":"(anonymous_20)","decl":{"start":{"line":185,"column":24},"end":{"line":185,"column":25}},"loc":{"start":{"line":185,"column":30},"end":{"line":190,"column":1}},"line":185},"21":{"name":"(anonymous_21)","decl":{"start":{"line":192,"column":23},"end":{"line":192,"column":24}},"loc":{"start":{"line":192,"column":45},"end":{"line":243,"column":1}},"line":192},"22":{"name":"(anonymous_22)","decl":{"start":{"line":245,"column":27},"end":{"line":245,"column":28}},"loc":{"start":{"line":245,"column":44},"end":{"line":268,"column":1}},"line":245},"23":{"name":"(anonymous_23)","decl":{"start":{"line":270,"column":27},"end":{"line":270,"column":28}},"loc":{"start":{"line":270,"column":33},"end":{"line":288,"column":1}},"line":270},"24":{"name":"(anonymous_24)","decl":{"start":{"line":282,"column":45},"end":{"line":282,"column":46}},"loc":{"start":{"line":282,"column":62},"end":{"line":287,"column":3}},"line":282},"25":{"name":"(anonymous_25)","decl":{"start":{"line":283,"column":35},"end":{"line":283,"column":36}},"loc":{"start":{"line":283,"column":41},"end":{"line":286,"column":5}},"line":283},"26":{"name":"(anonymous_26)","decl":{"start":{"line":290,"column":21},"end":{"line":290,"column":22}},"loc":{"start":{"line":290,"column":27},"end":{"line":293,"column":1}},"line":290},"27":{"name":"(anonymous_27)","decl":{"start":{"line":295,"column":29},"end":{"line":295,"column":30}},"loc":{"start":{"line":295,"column":40},"end":{"line":295,"column":78}},"line":295},"28":{"name":"(anonymous_28)","decl":{"start":{"line":297,"column":30},"end":{"line":297,"column":31}},"loc":{"start":{"line":297,"column":48},"end":{"line":321,"column":1}},"line":297},"29":{"name":"(anonymous_29)","decl":{"start":{"line":323,"column":32},"end":{"line":323,"column":33}},"loc":{"start":{"line":323,"column":58},"end":{"line":370,"column":1}},"line":323},"30":{"name":"(anonymous_30)","decl":{"start":{"line":372,"column":26},"end":{"line":372,"column":27}},"loc":{"start":{"line":372,"column":66},"end":{"line":391,"column":1}},"line":372},"31":{"name":"(anonymous_31)","decl":{"start":{"line":385,"column":15},"end":{"line":385,"column":16}},"loc":{"start":{"line":385,"column":21},"end":{"line":387,"column":5}},"line":385},"32":{"name":"(anonymous_32)","decl":{"start":{"line":393,"column":33},"end":{"line":393,"column":34}},"loc":{"start":{"line":393,"column":39},"end":{"line":398,"column":1}},"line":393},"33":{"name":"(anonymous_33)","decl":{"start":{"line":400,"column":31},"end":{"line":400,"column":32}},"loc":{"start":{"line":400,"column":40},"end":{"line":404,"column":1}},"line":400},"34":{"name":"(anonymous_34)","decl":{"start":{"line":406,"column":31},"end":{"line":406,"column":32}},"loc":{"start":{"line":406,"column":41},"end":{"line":414,"column":1}},"line":406},"35":{"name":"GetUserInfo","decl":{"start":{"line":416,"column":16},"end":{"line":416,"column":27}},"loc":{"start":{"line":416,"column":30},"end":{"line":479,"column":1}},"line":416},"36":{"name":"(anonymous_36)","decl":{"start":{"line":417,"column":16},"end":{"line":417,"column":17}},"loc":{"start":{"line":417,"column":34},"end":{"line":454,"column":3}},"line":417},"37":{"name":"(anonymous_37)","decl":{"start":{"line":450,"column":39},"end":{"line":450,"column":40}},"loc":{"start":{"line":450,"column":45},"end":{"line":452,"column":5}},"line":450},"38":{"name":"(anonymous_38)","decl":{"start":{"line":455,"column":12},"end":{"line":455,"column":13}},"loc":{"start":{"line":455,"column":18},"end":{"line":478,"column":3}},"line":455},"39":{"name":"(anonymous_39)","decl":{"start":{"line":457,"column":19},"end":{"line":457,"column":20}},"loc":{"start":{"line":457,"column":28},"end":{"line":459,"column":5}},"line":457},"40":{"name":"(anonymous_40)","decl":{"start":{"line":481,"column":28},"end":{"line":481,"column":29}},"loc":{"start":{"line":481,"column":38},"end":{"line":484,"column":1}},"line":481},"41":{"name":"(anonymous_41)","decl":{"start":{"line":486,"column":30},"end":{"line":486,"column":31}},"loc":{"start":{"line":486,"column":42},"end":{"line":503,"column":1}},"line":486},"42":{"name":"(anonymous_42)","decl":{"start":{"line":496,"column":63},"end":{"line":496,"column":64}},"loc":{"start":{"line":496,"column":69},"end":{"line":498,"column":5}},"line":496},"43":{"name":"(anonymous_43)","decl":{"start":{"line":499,"column":63},"end":{"line":499,"column":64}},"loc":{"start":{"line":499,"column":69},"end":{"line":501,"column":5}},"line":499},"44":{"name":"GameMode","decl":{"start":{"line":505,"column":16},"end":{"line":505,"column":24}},"loc":{"start":{"line":505,"column":27},"end":{"line":510,"column":1}},"line":505},"45":{"name":"(anonymous_45)","decl":{"start":{"line":506,"column":16},"end":{"line":506,"column":17}},"loc":{"start":{"line":506,"column":28},"end":{"line":509,"column":3}},"line":506},"46":{"name":"(anonymous_46)","decl":{"start":{"line":513,"column":26},"end":{"line":513,"column":27}},"loc":{"start":{"line":513,"column":32},"end":{"line":516,"column":1}},"line":513},"47":{"name":"(anonymous_47)","decl":{"start":{"line":518,"column":27},"end":{"line":518,"column":28}},"loc":{"start":{"line":518,"column":33},"end":{"line":525,"column":1}},"line":518}},"branchMap":{"0":{"loc":{"start":{"line":33,"column":2},"end":{"line":35,"column":3}},"type":"if","locations":[{"start":{"line":33,"column":2},"end":{"line":35,"column":3}},{"start":{"line":33,"column":2},"end":{"line":35,"column":3}}],"line":33},"1":{"loc":{"start":{"line":49,"column":2},"end":{"line":56,"column":3}},"type":"if","locations":[{"start":{"line":49,"column":2},"end":{"line":56,"column":3}},{"start":{"line":49,"column":2},"end":{"line":56,"column":3}}],"line":49},"2":{"loc":{"start":{"line":50,"column":4},"end":{"line":53,"column":27}},"type":"binary-expr","locations":[{"start":{"line":50,"column":4},"end":{"line":50,"column":25}},{"start":{"line":51,"column":7},"end":{"line":51,"column":28}},{"start":{"line":52,"column":7},"end":{"line":52,"column":33}},{"start":{"line":53,"column":7},"end":{"line":53,"column":27}}],"line":50},"3":{"loc":{"start":{"line":57,"column":2},"end":{"line":64,"column":3}},"type":"if","locations":[{"start":{"line":57,"column":2},"end":{"line":64,"column":3}},{"start":{"line":57,"column":2},"end":{"line":64,"column":3}}],"line":57},"4":{"loc":{"start":{"line":58,"column":4},"end":{"line":61,"column":27}},"type":"binary-expr","locations":[{"start":{"line":58,"column":4},"end":{"line":58,"column":25}},{"start":{"line":59,"column":7},"end":{"line":59,"column":28}},{"start":{"line":60,"column":7},"end":{"line":60,"column":33}},{"start":{"line":61,"column":7},"end":{"line":61,"column":27}}],"line":58},"5":{"loc":{"start":{"line":65,"column":2},"end":{"line":72,"column":3}},"type":"if","locations":[{"start":{"line":65,"column":2},"end":{"line":72,"column":3}},{"start":{"line":65,"column":2},"end":{"line":72,"column":3}}],"line":65},"6":{"loc":{"start":{"line":66,"column":4},"end":{"line":69,"column":27}},"type":"binary-expr","locations":[{"start":{"line":66,"column":4},"end":{"line":66,"column":25}},{"start":{"line":67,"column":7},"end":{"line":67,"column":28}},{"start":{"line":68,"column":7},"end":{"line":68,"column":33}},{"start":{"line":69,"column":7},"end":{"line":69,"column":27}}],"line":66},"7":{"loc":{"start":{"line":73,"column":2},"end":{"line":80,"column":3}},"type":"if","locations":[{"start":{"line":73,"column":2},"end":{"line":80,"column":3}},{"start":{"line":73,"column":2},"end":{"line":80,"column":3}}],"line":73},"8":{"loc":{"start":{"line":74,"column":4},"end":{"line":77,"column":27}},"type":"binary-expr","locations":[{"start":{"line":74,"column":4},"end":{"line":74,"column":25}},{"start":{"line":75,"column":7},"end":{"line":75,"column":28}},{"start":{"line":76,"column":7},"end":{"line":76,"column":33}},{"start":{"line":77,"column":7},"end":{"line":77,"column":27}}],"line":74},"9":{"loc":{"start":{"line":81,"column":2},"end":{"line":88,"column":3}},"type":"if","locations":[{"start":{"line":81,"column":2},"end":{"line":88,"column":3}},{"start":{"line":81,"column":2},"end":{"line":88,"column":3}}],"line":81},"10":{"loc":{"start":{"line":82,"column":4},"end":{"line":85,"column":27}},"type":"binary-expr","locations":[{"start":{"line":82,"column":4},"end":{"line":82,"column":25}},{"start":{"line":83,"column":7},"end":{"line":83,"column":28}},{"start":{"line":84,"column":7},"end":{"line":84,"column":33}},{"start":{"line":85,"column":7},"end":{"line":85,"column":27}}],"line":82},"11":{"loc":{"start":{"line":89,"column":2},"end":{"line":96,"column":3}},"type":"if","locations":[{"start":{"line":89,"column":2},"end":{"line":96,"column":3}},{"start":{"line":89,"column":2},"end":{"line":96,"column":3}}],"line":89},"12":{"loc":{"start":{"line":90,"column":4},"end":{"line":93,"column":27}},"type":"binary-expr","locations":[{"start":{"line":90,"column":4},"end":{"line":90,"column":25}},{"start":{"line":91,"column":7},"end":{"line":91,"column":28}},{"start":{"line":92,"column":7},"end":{"line":92,"column":33}},{"start":{"line":93,"column":7},"end":{"line":93,"column":27}}],"line":90},"13":{"loc":{"start":{"line":97,"column":2},"end":{"line":104,"column":3}},"type":"if","locations":[{"start":{"line":97,"column":2},"end":{"line":104,"column":3}},{"start":{"line":97,"column":2},"end":{"line":104,"column":3}}],"line":97},"14":{"loc":{"start":{"line":98,"column":4},"end":{"line":101,"column":27}},"type":"binary-expr","locations":[{"start":{"line":98,"column":4},"end":{"line":98,"column":25}},{"start":{"line":99,"column":7},"end":{"line":99,"column":28}},{"start":{"line":100,"column":7},"end":{"line":100,"column":33}},{"start":{"line":101,"column":7},"end":{"line":101,"column":27}}],"line":98},"15":{"loc":{"start":{"line":105,"column":2},"end":{"line":112,"column":3}},"type":"if","locations":[{"start":{"line":105,"column":2},"end":{"line":112,"column":3}},{"start":{"line":105,"column":2},"end":{"line":112,"column":3}}],"line":105},"16":{"loc":{"start":{"line":106,"column":4},"end":{"line":109,"column":27}},"type":"binary-expr","locations":[{"start":{"line":106,"column":4},"end":{"line":106,"column":25}},{"start":{"line":107,"column":7},"end":{"line":107,"column":28}},{"start":{"line":108,"column":7},"end":{"line":108,"column":33}},{"start":{"line":109,"column":7},"end":{"line":109,"column":27}}],"line":106},"17":{"loc":{"start":{"line":117,"column":2},"end":{"line":120,"column":3}},"type":"if","locations":[{"start":{"line":117,"column":2},"end":{"line":120,"column":3}},{"start":{"line":117,"column":2},"end":{"line":120,"column":3}}],"line":117},"18":{"loc":{"start":{"line":145,"column":4},"end":{"line":145,"column":38}},"type":"if","locations":[{"start":{"line":145,"column":4},"end":{"line":145,"column":38}},{"start":{"line":145,"column":4},"end":{"line":145,"column":38}}],"line":145},"19":{"loc":{"start":{"line":159,"column":2},"end":{"line":164,"column":3}},"type":"if","locations":[{"start":{"line":159,"column":2},"end":{"line":164,"column":3}},{"start":{"line":159,"column":2},"end":{"line":164,"column":3}}],"line":159},"20":{"loc":{"start":{"line":172,"column":2},"end":{"line":182,"column":3}},"type":"if","locations":[{"start":{"line":172,"column":2},"end":{"line":182,"column":3}},{"start":{"line":172,"column":2},"end":{"line":182,"column":3}}],"line":172},"21":{"loc":{"start":{"line":180,"column":25},"end":{"line":180,"column":90}},"type":"cond-expr","locations":[{"start":{"line":180,"column":63},"end":{"line":180,"column":75}},{"start":{"line":180,"column":78},"end":{"line":180,"column":90}}],"line":180},"22":{"loc":{"start":{"line":186,"column":2},"end":{"line":188,"column":3}},"type":"if","locations":[{"start":{"line":186,"column":2},"end":{"line":188,"column":3}},{"start":{"line":186,"column":2},"end":{"line":188,"column":3}}],"line":186},"23":{"loc":{"start":{"line":193,"column":2},"end":{"line":193,"column":80}},"type":"if","locations":[{"start":{"line":193,"column":2},"end":{"line":193,"column":80}},{"start":{"line":193,"column":2},"end":{"line":193,"column":80}}],"line":193},"24":{"loc":{"start":{"line":194,"column":2},"end":{"line":194,"column":80}},"type":"if","locations":[{"start":{"line":194,"column":2},"end":{"line":194,"column":80}},{"start":{"line":194,"column":2},"end":{"line":194,"column":80}}],"line":194},"25":{"loc":{"start":{"line":195,"column":2},"end":{"line":195,"column":51}},"type":"if","locations":[{"start":{"line":195,"column":2},"end":{"line":195,"column":51}},{"start":{"line":195,"column":2},"end":{"line":195,"column":51}}],"line":195},"26":{"loc":{"start":{"line":211,"column":4},"end":{"line":215,"column":5}},"type":"if","locations":[{"start":{"line":211,"column":4},"end":{"line":215,"column":5}},{"start":{"line":211,"column":4},"end":{"line":215,"column":5}}],"line":211},"27":{"loc":{"start":{"line":224,"column":2},"end":{"line":240,"column":3}},"type":"if","locations":[{"start":{"line":224,"column":2},"end":{"line":240,"column":3}},{"start":{"line":224,"column":2},"end":{"line":240,"column":3}}],"line":224},"28":{"loc":{"start":{"line":227,"column":6},"end":{"line":230,"column":7}},"type":"if","locations":[{"start":{"line":227,"column":6},"end":{"line":230,"column":7}},{"start":{"line":227,"column":6},"end":{"line":230,"column":7}}],"line":227},"29":{"loc":{"start":{"line":235,"column":6},"end":{"line":238,"column":7}},"type":"if","locations":[{"start":{"line":235,"column":6},"end":{"line":238,"column":7}},{"start":{"line":235,"column":6},"end":{"line":238,"column":7}}],"line":235},"30":{"loc":{"start":{"line":246,"column":2},"end":{"line":267,"column":3}},"type":"if","locations":[{"start":{"line":246,"column":2},"end":{"line":267,"column":3}},{"start":{"line":246,"column":2},"end":{"line":267,"column":3}}],"line":246},"31":{"loc":{"start":{"line":246,"column":6},"end":{"line":246,"column":49}},"type":"binary-expr","locations":[{"start":{"line":246,"column":6},"end":{"line":246,"column":30}},{"start":{"line":246,"column":34},"end":{"line":246,"column":49}}],"line":246},"32":{"loc":{"start":{"line":248,"column":4},"end":{"line":266,"column":5}},"type":"if","locations":[{"start":{"line":248,"column":4},"end":{"line":266,"column":5}},{"start":{"line":248,"column":4},"end":{"line":266,"column":5}}],"line":248},"33":{"loc":{"start":{"line":251,"column":6},"end":{"line":259,"column":7}},"type":"if","locations":[{"start":{"line":251,"column":6},"end":{"line":259,"column":7}},{"start":{"line":251,"column":6},"end":{"line":259,"column":7}}],"line":251},"34":{"loc":{"start":{"line":252,"column":8},"end":{"line":253,"column":48}},"type":"binary-expr","locations":[{"start":{"line":252,"column":8},"end":{"line":252,"column":43}},{"start":{"line":253,"column":11},"end":{"line":253,"column":48}}],"line":252},"35":{"loc":{"start":{"line":260,"column":11},"end":{"line":266,"column":5}},"type":"if","locations":[{"start":{"line":260,"column":11},"end":{"line":266,"column":5}},{"start":{"line":260,"column":11},"end":{"line":266,"column":5}}],"line":260},"36":{"loc":{"start":{"line":261,"column":6},"end":{"line":262,"column":43}},"type":"binary-expr","locations":[{"start":{"line":261,"column":6},"end":{"line":261,"column":41}},{"start":{"line":262,"column":9},"end":{"line":262,"column":43}}],"line":261},"37":{"loc":{"start":{"line":298,"column":2},"end":{"line":306,"column":3}},"type":"if","locations":[{"start":{"line":298,"column":2},"end":{"line":306,"column":3}},{"start":{"line":298,"column":2},"end":{"line":306,"column":3}}],"line":298},"38":{"loc":{"start":{"line":298,"column":6},"end":{"line":298,"column":34}},"type":"binary-expr","locations":[{"start":{"line":298,"column":6},"end":{"line":298,"column":18}},{"start":{"line":298,"column":22},"end":{"line":298,"column":34}}],"line":298},"39":{"loc":{"start":{"line":299,"column":4},"end":{"line":301,"column":5}},"type":"if","locations":[{"start":{"line":299,"column":4},"end":{"line":301,"column":5}},{"start":{"line":299,"column":4},"end":{"line":301,"column":5}}],"line":299},"40":{"loc":{"start":{"line":302,"column":4},"end":{"line":304,"column":5}},"type":"if","locations":[{"start":{"line":302,"column":4},"end":{"line":304,"column":5}},{"start":{"line":302,"column":4},"end":{"line":304,"column":5}}],"line":302},"41":{"loc":{"start":{"line":307,"column":2},"end":{"line":319,"column":3}},"type":"if","locations":[{"start":{"line":307,"column":2},"end":{"line":319,"column":3}},{"start":{"line":307,"column":2},"end":{"line":319,"column":3}}],"line":307},"42":{"loc":{"start":{"line":307,"column":6},"end":{"line":307,"column":37}},"type":"binary-expr","locations":[{"start":{"line":307,"column":6},"end":{"line":307,"column":21}},{"start":{"line":307,"column":25},"end":{"line":307,"column":37}}],"line":307},"43":{"loc":{"start":{"line":324,"column":2},"end":{"line":355,"column":3}},"type":"if","locations":[{"start":{"line":324,"column":2},"end":{"line":355,"column":3}},{"start":{"line":324,"column":2},"end":{"line":355,"column":3}}],"line":324},"44":{"loc":{"start":{"line":325,"column":4},"end":{"line":330,"column":82}},"type":"binary-expr","locations":[{"start":{"line":325,"column":4},"end":{"line":325,"column":25}},{"start":{"line":326,"column":7},"end":{"line":326,"column":17}},{"start":{"line":327,"column":7},"end":{"line":327,"column":17}},{"start":{"line":328,"column":7},"end":{"line":328,"column":24}},{"start":{"line":329,"column":8},"end":{"line":329,"column":18}},{"start":{"line":330,"column":10},"end":{"line":330,"column":31}},{"start":{"line":330,"column":35},"end":{"line":330,"column":45}},{"start":{"line":330,"column":49},"end":{"line":330,"column":59}},{"start":{"line":330,"column":63},"end":{"line":330,"column":80}}],"line":325},"45":{"loc":{"start":{"line":332,"column":4},"end":{"line":343,"column":5}},"type":"if","locations":[{"start":{"line":332,"column":4},"end":{"line":343,"column":5}},{"start":{"line":332,"column":4},"end":{"line":343,"column":5}}],"line":332},"46":{"loc":{"start":{"line":333,"column":6},"end":{"line":336,"column":26}},"type":"binary-expr","locations":[{"start":{"line":333,"column":6},"end":{"line":333,"column":27}},{"start":{"line":334,"column":9},"end":{"line":334,"column":19}},{"start":{"line":335,"column":9},"end":{"line":335,"column":19}},{"start":{"line":336,"column":9},"end":{"line":336,"column":26}}],"line":333},"47":{"loc":{"start":{"line":344,"column":4},"end":{"line":353,"column":5}},"type":"if","locations":[{"start":{"line":344,"column":4},"end":{"line":353,"column":5}},{"start":{"line":344,"column":4},"end":{"line":353,"column":5}}],"line":344},"48":{"loc":{"start":{"line":345,"column":6},"end":{"line":346,"column":81}},"type":"binary-expr","locations":[{"start":{"line":345,"column":6},"end":{"line":345,"column":16}},{"start":{"line":346,"column":10},"end":{"line":346,"column":31}},{"start":{"line":346,"column":35},"end":{"line":346,"column":45}},{"start":{"line":346,"column":49},"end":{"line":346,"column":59}},{"start":{"line":346,"column":63},"end":{"line":346,"column":80}}],"line":345},"49":{"loc":{"start":{"line":356,"column":2},"end":{"line":368,"column":3}},"type":"if","locations":[{"start":{"line":356,"column":2},"end":{"line":368,"column":3}},{"start":{"line":356,"column":2},"end":{"line":368,"column":3}}],"line":356},"50":{"loc":{"start":{"line":356,"column":6},"end":{"line":356,"column":40}},"type":"binary-expr","locations":[{"start":{"line":356,"column":6},"end":{"line":356,"column":23}},{"start":{"line":356,"column":27},"end":{"line":356,"column":40}}],"line":356},"51":{"loc":{"start":{"line":375,"column":2},"end":{"line":390,"column":3}},"type":"if","locations":[{"start":{"line":375,"column":2},"end":{"line":390,"column":3}},{"start":{"line":375,"column":2},"end":{"line":390,"column":3}}],"line":375},"52":{"loc":{"start":{"line":375,"column":6},"end":{"line":375,"column":33}},"type":"binary-expr","locations":[{"start":{"line":375,"column":6},"end":{"line":375,"column":15}},{"start":{"line":375,"column":19},"end":{"line":375,"column":33}}],"line":375},"53":{"loc":{"start":{"line":377,"column":4},"end":{"line":382,"column":5}},"type":"if","locations":[{"start":{"line":377,"column":4},"end":{"line":382,"column":5}},{"start":{"line":377,"column":4},"end":{"line":382,"column":5}}],"line":377},"54":{"loc":{"start":{"line":401,"column":2},"end":{"line":403,"column":3}},"type":"if","locations":[{"start":{"line":401,"column":2},"end":{"line":403,"column":3}},{"start":{"line":401,"column":2},"end":{"line":403,"column":3}}],"line":401},"55":{"loc":{"start":{"line":408,"column":2},"end":{"line":412,"column":3}},"type":"if","locations":[{"start":{"line":408,"column":2},"end":{"line":412,"column":3}},{"start":{"line":408,"column":2},"end":{"line":412,"column":3}}],"line":408},"56":{"loc":{"start":{"line":434,"column":4},"end":{"line":446,"column":5}},"type":"if","locations":[{"start":{"line":434,"column":4},"end":{"line":446,"column":5}},{"start":{"line":434,"column":4},"end":{"line":446,"column":5}}],"line":434},"57":{"loc":{"start":{"line":460,"column":4},"end":{"line":477,"column":5}},"type":"if","locations":[{"start":{"line":460,"column":4},"end":{"line":477,"column":5}},{"start":{"line":460,"column":4},"end":{"line":477,"column":5}}],"line":460},"58":{"loc":{"start":{"line":487,"column":2},"end":{"line":502,"column":3}},"type":"if","locations":[{"start":{"line":487,"column":2},"end":{"line":502,"column":3}},{"start":{"line":487,"column":2},"end":{"line":502,"column":3}}],"line":487},"59":{"loc":{"start":{"line":520,"column":2},"end":{"line":524,"column":3}},"type":"if","locations":[{"start":{"line":520,"column":2},"end":{"line":524,"column":3}},{"start":{"line":520,"column":2},"end":{"line":524,"column":3}}],"line":520},"60":{"loc":{"start":{"line":532,"column":0},"end":{"line":534,"column":1}},"type":"if","locations":[{"start":{"line":532,"column":0},"end":{"line":534,"column":1}},{"start":{"line":532,"column":0},"end":{"line":534,"column":1}}],"line":532}},"s":{"0":1,"1":1,"2":1,"3":0,"4":1,"5":11,"6":1,"7":9,"8":9,"9":1,"10":4,"11":4,"12":1,"13":0,"14":0,"15":1,"16":0,"17":0,"18":1,"19":0,"20":1,"21":0,"22":1,"23":0,"24":1,"25":84190,"26":13137,"27":71053,"28":9360,"29":61693,"30":10116,"31":51577,"32":3646,"33":47931,"34":3562,"35":44369,"36":0,"37":44369,"38":2039,"39":42330,"40":1584,"41":40746,"42":1,"43":2,"44":0,"45":1,"46":0,"47":0,"48":0,"49":0,"50":1,"51":0,"52":1,"53":0,"54":0,"55":0,"56":0,"57":0,"58":1,"59":37450,"60":37450,"61":37450,"62":337050,"63":124338,"64":37450,"65":1,"66":1,"67":1,"68":0,"69":1,"70":2,"71":1,"72":1,"73":1,"74":1,"75":1,"76":1,"77":1,"78":0,"79":0,"80":0,"81":0,"82":1,"83":18724,"84":1,"85":18723,"86":1,"87":62164,"88":40141,"89":22023,"90":3301,"91":18722,"92":0,"93":18722,"94":18722,"95":18722,"96":18722,"97":62162,"98":62162,"99":62162,"100":62162,"101":62162,"102":62162,"103":45667,"104":16495,"105":62162,"106":62162,"107":18722,"108":13195,"109":13195,"110":13195,"111":45667,"112":13231,"113":13231,"114":5527,"115":5527,"116":5527,"117":16495,"118":6519,"119":6519,"120":18722,"121":1,"122":0,"123":0,"124":0,"125":0,"126":0,"127":0,"128":0,"129":0,"130":0,"131":0,"132":0,"133":0,"134":0,"135":1,"136":0,"137":0,"138":0,"139":0,"140":0,"141":0,"142":0,"143":0,"144":0,"145":0,"146":0,"147":0,"148":0,"149":0,"150":1,"151":0,"152":0,"153":1,"154":0,"155":1,"156":3,"157":1,"158":1,"159":1,"160":1,"161":1,"162":2,"163":1,"164":1,"165":1,"166":1,"167":1,"168":0,"169":0,"170":0,"171":0,"172":0,"173":0,"174":0,"175":0,"176":0,"177":0,"178":0,"179":1,"180":0,"181":0,"182":0,"183":0,"184":0,"185":0,"186":0,"187":0,"188":0,"189":0,"190":0,"191":0,"192":0,"193":0,"194":1,"195":1,"196":1,"197":1,"198":1,"199":0,"200":0,"201":1,"202":2,"203":1,"204":1,"205":2,"206":0,"207":0,"208":0,"209":0,"210":0,"211":0,"212":0,"213":0,"214":0,"215":0,"216":0,"217":0,"218":0,"219":0,"220":0,"221":0,"222":0,"223":0,"224":0,"225":0,"226":0,"227":0,"228":0,"229":0,"230":0,"231":0,"232":0,"233":0,"234":0,"235":1,"236":0,"237":0,"238":1,"239":1,"240":0,"241":0,"242":0,"243":0,"244":0,"245":0,"246":0,"247":1,"248":1,"249":1,"250":1,"251":1,"252":0,"253":0,"254":1,"255":0,"256":0,"257":0,"258":0,"259":0,"260":1,"261":1,"262":0},"f":{"0":0,"1":11,"2":9,"3":4,"4":0,"5":0,"6":0,"7":0,"8":0,"9":84190,"10":2,"11":0,"12":0,"13":0,"14":0,"15":37450,"16":1,"17":0,"18":2,"19":0,"20":18724,"21":62164,"22":0,"23":0,"24":0,"25":0,"26":0,"27":0,"28":3,"29":0,"30":0,"31":0,"32":1,"33":0,"34":2,"35":0,"36":0,"37":0,"38":0,"39":0,"40":0,"41":1,"42":0,"43":0,"44":1,"45":1,"46":0,"47":0},"b":{"0":[0,0],"1":[13137,71053],"2":[84190,84189,13708,13137],"3":[9360,61693],"4":[71053,16181,9791,9360],"5":[10116,51577],"6":[61693,18379,10548,10116],"7":[3646,47931],"8":[51577,35086,4064,3646],"9":[3562,44369],"10":[47931,9481,3920,3562],"11":[0,44369],"12":[44369,2587,417,0],"13":[2039,42330],"14":[44369,5920,2397,2039],"15":[1584,40746],"16":[42330,16316,4329,1584],"17":[0,2],"18":[124338,212712],"19":[1,1],"20":[0,0],"21":[0,0],"22":[1,18723],"23":[40141,22023],"24":[3301,18722],"25":[0,18722],"26":[45667,16495],"27":[13195,5527],"28":[13231,32436],"29":[6519,9976],"30":[0,0],"31":[0,0],"32":[0,0],"33":[0,0],"34":[0,0],"35":[0,0],"36":[0,0],"37":[1,2],"38":[3,2],"39":[1,0],"40":[1,0],"41":[1,1],"42":[2,1],"43":[0,0],"44":[0,0,0,0,0,0,0,0,0],"45":[0,0],"46":[0,0,0,0],"47":[0,0],"48":[0,0,0,0,0],"49":[0,0],"50":[0,0],"51":[0,0],"52":[0,0],"53":[0,0],"54":[0,0],"55":[1,1],"56":[0,0],"57":[0,0],"58":[0,1],"59":[0,0],"60":[0,1]},"_coverageSchema":"1a1c01bbd47fc00a2c39e90264f33305004495a9","hash":"7ef1f6980bab9faf3f0971cebeea3fa774cd62a8"}
,"/JULIAN DOCUMENTOS/MICROVERSE/tic-tac-toe-Javascript/src/js/player.js": {"path":"/JULIAN DOCUMENTOS/MICROVERSE/tic-tac-toe-Javascript/src/js/player.js","statementMap":{"0":{"start":{"line":1,"column":15},"end":{"line":5,"column":2}},"1":{"start":{"line":1,"column":52},"end":{"line":5,"column":1}}},"fnMap":{"0":{"name":"(anonymous_0)","decl":{"start":{"line":1,"column":15},"end":{"line":1,"column":16}},"loc":{"start":{"line":1,"column":52},"end":{"line":5,"column":1}},"line":1}},"branchMap":{"0":{"loc":{"start":{"line":1,"column":33},"end":{"line":1,"column":46}},"type":"default-arg","locations":[{"start":{"line":1,"column":39},"end":{"line":1,"column":46}}],"line":1}},"s":{"0":1,"1":2},"f":{"0":2},"b":{"0":[0]},"_coverageSchema":"1a1c01bbd47fc00a2c39e90264f33305004495a9","hash":"7259a86e8bb50d074347e0b9b0f3d8d28ff1f764"}
,"/JULIAN DOCUMENTOS/MICROVERSE/tic-tac-toe-Javascript/test/testHelpers.js": {"path":"/JULIAN DOCUMENTOS/MICROVERSE/tic-tac-toe-Javascript/test/testHelpers.js","statementMap":{"0":{"start":{"line":1,"column":16},"end":{"line":28,"column":4}},"1":{"start":{"line":2,"column":32},"end":{"line":12,"column":3}},"2":{"start":{"line":3,"column":16},"end":{"line":3,"column":45}},"3":{"start":{"line":4,"column":4},"end":{"line":10,"column":76}},"4":{"start":{"line":11,"column":4},"end":{"line":11,"column":35}},"5":{"start":{"line":14,"column":22},"end":{"line":17,"column":3}},"6":{"start":{"line":15,"column":4},"end":{"line":15,"column":71}},"7":{"start":{"line":16,"column":4},"end":{"line":16,"column":71}},"8":{"start":{"line":19,"column":27},"end":{"line":22,"column":3}},"9":{"start":{"line":20,"column":4},"end":{"line":20,"column":80}},"10":{"start":{"line":21,"column":4},"end":{"line":21,"column":80}},"11":{"start":{"line":23,"column":2},"end":{"line":27,"column":4}}},"fnMap":{"0":{"name":"(anonymous_0)","decl":{"start":{"line":1,"column":17},"end":{"line":1,"column":18}},"loc":{"start":{"line":1,"column":23},"end":{"line":28,"column":1}},"line":1},"1":{"name":"(anonymous_1)","decl":{"start":{"line":2,"column":32},"end":{"line":2,"column":33}},"loc":{"start":{"line":2,"column":38},"end":{"line":12,"column":3}},"line":2},"2":{"name":"(anonymous_2)","decl":{"start":{"line":14,"column":22},"end":{"line":14,"column":23}},"loc":{"start":{"line":14,"column":28},"end":{"line":17,"column":3}},"line":14},"3":{"name":"(anonymous_3)","decl":{"start":{"line":19,"column":27},"end":{"line":19,"column":28}},"loc":{"start":{"line":19,"column":33},"end":{"line":22,"column":3}},"line":19}},"branchMap":{},"s":{"0":1,"1":1,"2":1,"3":1,"4":1,"5":1,"6":1,"7":1,"8":1,"9":1,"10":1,"11":1},"f":{"0":1,"1":1,"2":1,"3":1},"b":{},"_coverageSchema":"1a1c01bbd47fc00a2c39e90264f33305004495a9","hash":"7cb73ff6f01a270559633c758acbaff413be4172"}
}
