TN:
SF:assetsTransformer.js
FN:4,(anonymous_0)
FNF:1
FNH:0
FNDA:0,(anonymous_0)
DA:1,1
DA:3,1
DA:5,0
LF:3
LH:2
BRF:0
BRH:0
end_of_record
TN:
SF:src/js/board.js
FN:1,(anonymous_0)
FNF:1
FNH:1
FNDA:1,(anonymous_0)
DA:1,1
DA:2,1
DA:3,1
LF:3
LH:3
BRF:0
BRH:0
end_of_record
TN:
SF:src/js/game.js
FN:8,(anonymous_0)
FNF:1
FNH:1
FNDA:1,(anonymous_0)
DA:8,1
DA:9,1
DA:10,1
DA:11,1
DA:12,1
DA:13,1
DA:15,1
DA:16,1
DA:17,1
DA:18,1
DA:19,1
DA:21,1
DA:22,1
DA:23,1
DA:25,1
LF:15
LH:15
BRF:0
BRH:0
end_of_record
TN:
SF:src/js/initialBox.js
FN:1,(anonymous_0)
FNF:1
FNH:1
FNDA:1,(anonymous_0)
DA:1,1
DA:2,1
DA:3,1
DA:4,1
DA:5,1
DA:6,1
DA:8,0
DA:9,0
DA:10,0
DA:11,0
DA:12,0
DA:13,0
LF:12
LH:6
BRDA:6,0,0,0
BRDA:6,0,1,1
BRF:2
BRH:1
end_of_record
TN:
SF:src/js/logic.js
FN:8,(anonymous_0)
FN:10,(anonymous_1)
FN:17,(anonymous_2)
FN:22,(anonymous_3)
FN:27,(anonymous_4)
FN:32,(anonymous_5)
FN:38,(anonymous_6)
FN:40,(anonymous_7)
FN:44,(anonymous_8)
FN:48,(anonymous_9)
FN:116,(anonymous_10)
FN:123,(anonymous_11)
FN:130,(anonymous_12)
FN:132,(anonymous_13)
FN:136,(anonymous_14)
FN:141,(anonymous_15)
FN:151,(anonymous_16)
FN:153,(anonymous_17)
FN:158,(anonymous_18)
FN:170,(anonymous_19)
FN:185,(anonymous_20)
FN:192,(anonymous_21)
FN:245,(anonymous_22)
FN:270,(anonymous_23)
FN:282,(anonymous_24)
FN:283,(anonymous_25)
FN:290,(anonymous_26)
FN:295,(anonymous_27)
FN:297,(anonymous_28)
FN:323,(anonymous_29)
FN:372,(anonymous_30)
FN:385,(anonymous_31)
FN:393,(anonymous_32)
FN:400,(anonymous_33)
FN:406,(anonymous_34)
FN:416,GetUserInfo
FN:417,(anonymous_36)
FN:450,(anonymous_37)
FN:455,(anonymous_38)
FN:457,(anonymous_39)
FN:481,(anonymous_40)
FN:486,(anonymous_41)
FN:496,(anonymous_42)
FN:499,(anonymous_43)
FN:505,GameMode
FN:506,(anonymous_45)
FN:513,(anonymous_46)
FN:518,(anonymous_47)
FNF:48
FNH:16
FNDA:0,(anonymous_0)
FNDA:11,(anonymous_1)
FNDA:9,(anonymous_2)
FNDA:4,(anonymous_3)
FNDA:0,(anonymous_4)
FNDA:0,(anonymous_5)
FNDA:0,(anonymous_6)
FNDA:0,(anonymous_7)
FNDA:0,(anonymous_8)
FNDA:84190,(anonymous_9)
FNDA:2,(anonymous_10)
FNDA:0,(anonymous_11)
FNDA:0,(anonymous_12)
FNDA:0,(anonymous_13)
FNDA:0,(anonymous_14)
FNDA:37450,(anonymous_15)
FNDA:1,(anonymous_16)
FNDA:0,(anonymous_17)
FNDA:2,(anonymous_18)
FNDA:0,(anonymous_19)
FNDA:18724,(anonymous_20)
FNDA:62164,(anonymous_21)
FNDA:0,(anonymous_22)
FNDA:0,(anonymous_23)
FNDA:0,(anonymous_24)
FNDA:0,(anonymous_25)
FNDA:0,(anonymous_26)
FNDA:0,(anonymous_27)
FNDA:3,(anonymous_28)
FNDA:0,(anonymous_29)
FNDA:0,(anonymous_30)
FNDA:0,(anonymous_31)
FNDA:1,(anonymous_32)
FNDA:0,(anonymous_33)
FNDA:2,(anonymous_34)
FNDA:0,GetUserInfo
FNDA:0,(anonymous_36)
FNDA:0,(anonymous_37)
FNDA:0,(anonymous_38)
FNDA:0,(anonymous_39)
FNDA:0,(anonymous_40)
FNDA:1,(anonymous_41)
FNDA:0,(anonymous_42)
FNDA:0,(anonymous_43)
FNDA:1,GameMode
FNDA:1,(anonymous_45)
FNDA:0,(anonymous_46)
FNDA:0,(anonymous_47)
DA:5,1
DA:6,1
DA:8,1
DA:10,11
DA:17,1
DA:18,9
DA:19,9
DA:22,1
DA:23,4
DA:24,4
DA:27,1
DA:28,0
DA:29,0
DA:32,1
DA:33,0
DA:34,0
DA:38,1
DA:40,1
DA:41,0
DA:44,1
DA:45,0
DA:48,1
DA:49,84190
DA:55,13137
DA:57,71053
DA:63,9360
DA:65,61693
DA:71,10116
DA:73,51577
DA:79,3646
DA:81,47931
DA:87,3562
DA:89,44369
DA:95,0
DA:97,44369
DA:103,2039
DA:105,42330
DA:111,1584
DA:113,40746
DA:116,1
DA:117,2
DA:119,0
DA:123,1
DA:124,0
DA:125,0
DA:126,0
DA:127,0
DA:130,1
DA:132,1
DA:133,0
DA:134,0
DA:135,0
DA:136,0
DA:137,0
DA:141,1
DA:142,37450
DA:144,37450
DA:145,337050
DA:148,37450
DA:151,1
DA:152,1
DA:153,1
DA:154,0
DA:158,1
DA:159,2
DA:160,1
DA:161,1
DA:162,1
DA:163,1
DA:166,1
DA:167,1
DA:170,1
DA:172,0
DA:174,0
DA:180,0
DA:181,0
DA:185,1
DA:186,18724
DA:187,1
DA:189,18723
DA:192,1
DA:193,62164
DA:194,22023
DA:195,18722
DA:197,18722
DA:199,18722
DA:201,18722
DA:202,62162
DA:204,62162
DA:206,62162
DA:208,62162
DA:209,62162
DA:211,62162
DA:212,45667
DA:214,16495
DA:217,62162
DA:219,62162
DA:224,18722
DA:225,13195
DA:226,13195
DA:227,45667
DA:228,13231
DA:229,13231
DA:233,5527
DA:234,5527
DA:235,16495
DA:236,6519
DA:237,6519
DA:242,18722
DA:245,1
DA:246,0
DA:247,0
DA:248,0
DA:249,0
DA:250,0
DA:251,0
DA:255,0
DA:256,0
DA:257,0
DA:258,0
DA:260,0
DA:264,0
DA:265,0
DA:270,1
DA:271,0
DA:272,0
DA:273,0
DA:274,0
DA:275,0
DA:276,0
DA:277,0
DA:278,0
DA:280,0
DA:282,0
DA:283,0
DA:284,0
DA:285,0
DA:290,1
DA:291,0
DA:292,0
DA:295,1
DA:297,1
DA:298,3
DA:299,1
DA:300,1
DA:302,1
DA:303,1
DA:305,1
DA:307,2
DA:308,1
DA:313,1
DA:318,1
DA:320,1
DA:323,1
DA:324,0
DA:332,0
DA:338,0
DA:344,0
DA:348,0
DA:354,0
DA:356,0
DA:357,0
DA:362,0
DA:367,0
DA:369,0
DA:372,1
DA:373,0
DA:374,0
DA:375,0
DA:376,0
DA:377,0
DA:378,0
DA:380,0
DA:381,0
DA:383,0
DA:384,0
DA:385,0
DA:386,0
DA:388,0
DA:389,0
DA:393,1
DA:394,1
DA:395,1
DA:397,1
DA:400,1
DA:401,0
DA:402,0
DA:406,1
DA:408,2
DA:409,1
DA:411,1
DA:413,2
DA:417,0
DA:418,0
DA:419,0
DA:421,0
DA:425,0
DA:427,0
DA:434,0
DA:435,0
DA:438,0
DA:440,0
DA:447,0
DA:448,0
DA:449,0
DA:450,0
DA:451,0
DA:453,0
DA:455,0
DA:456,0
DA:457,0
DA:458,0
DA:460,0
DA:461,0
DA:462,0
DA:463,0
DA:464,0
DA:466,0
DA:474,0
DA:475,0
DA:476,0
DA:481,1
DA:482,0
DA:483,0
DA:486,1
DA:487,1
DA:488,0
DA:491,0
DA:493,0
DA:496,0
DA:497,0
DA:499,0
DA:500,0
DA:506,1
DA:507,1
DA:508,1
DA:511,1
DA:513,1
DA:514,0
DA:515,0
DA:518,1
DA:519,0
DA:520,0
DA:521,0
DA:522,0
DA:523,0
DA:527,1
DA:532,1
DA:533,0
LF:249
LH:126
BRDA:33,0,0,0
BRDA:33,0,1,0
BRDA:49,1,0,13137
BRDA:49,1,1,71053
BRDA:50,2,0,84190
BRDA:50,2,1,84189
BRDA:50,2,2,13708
BRDA:50,2,3,13137
BRDA:57,3,0,9360
BRDA:57,3,1,61693
BRDA:58,4,0,71053
BRDA:58,4,1,16181
BRDA:58,4,2,9791
BRDA:58,4,3,9360
BRDA:65,5,0,10116
BRDA:65,5,1,51577
BRDA:66,6,0,61693
BRDA:66,6,1,18379
BRDA:66,6,2,10548
BRDA:66,6,3,10116
BRDA:73,7,0,3646
BRDA:73,7,1,47931
BRDA:74,8,0,51577
BRDA:74,8,1,35086
BRDA:74,8,2,4064
BRDA:74,8,3,3646
BRDA:81,9,0,3562
BRDA:81,9,1,44369
BRDA:82,10,0,47931
BRDA:82,10,1,9481
BRDA:82,10,2,3920
BRDA:82,10,3,3562
BRDA:89,11,0,0
BRDA:89,11,1,44369
BRDA:90,12,0,44369
BRDA:90,12,1,2587
BRDA:90,12,2,417
BRDA:90,12,3,0
BRDA:97,13,0,2039
BRDA:97,13,1,42330
BRDA:98,14,0,44369
BRDA:98,14,1,5920
BRDA:98,14,2,2397
BRDA:98,14,3,2039
BRDA:105,15,0,1584
BRDA:105,15,1,40746
BRDA:106,16,0,42330
BRDA:106,16,1,16316
BRDA:106,16,2,4329
BRDA:106,16,3,1584
BRDA:117,17,0,0
BRDA:117,17,1,2
BRDA:145,18,0,124338
BRDA:145,18,1,212712
BRDA:159,19,0,1
BRDA:159,19,1,1
BRDA:172,20,0,0
BRDA:172,20,1,0
BRDA:180,21,0,0
BRDA:180,21,1,0
BRDA:186,22,0,1
BRDA:186,22,1,18723
BRDA:193,23,0,40141
BRDA:193,23,1,22023
BRDA:194,24,0,3301
BRDA:194,24,1,18722
BRDA:195,25,0,0
BRDA:195,25,1,18722
BRDA:211,26,0,45667
BRDA:211,26,1,16495
BRDA:224,27,0,13195
BRDA:224,27,1,5527
BRDA:227,28,0,13231
BRDA:227,28,1,32436
BRDA:235,29,0,6519
BRDA:235,29,1,9976
BRDA:246,30,0,0
BRDA:246,30,1,0
BRDA:246,31,0,0
BRDA:246,31,1,0
BRDA:248,32,0,0
BRDA:248,32,1,0
BRDA:251,33,0,0
BRDA:251,33,1,0
BRDA:252,34,0,0
BRDA:252,34,1,0
BRDA:260,35,0,0
BRDA:260,35,1,0
BRDA:261,36,0,0
BRDA:261,36,1,0
BRDA:298,37,0,1
BRDA:298,37,1,2
BRDA:298,38,0,3
BRDA:298,38,1,2
BRDA:299,39,0,1
BRDA:299,39,1,0
BRDA:302,40,0,1
BRDA:302,40,1,0
BRDA:307,41,0,1
BRDA:307,41,1,1
BRDA:307,42,0,2
BRDA:307,42,1,1
BRDA:324,43,0,0
BRDA:324,43,1,0
BRDA:325,44,0,0
BRDA:325,44,1,0
BRDA:325,44,2,0
BRDA:325,44,3,0
BRDA:325,44,4,0
BRDA:325,44,5,0
BRDA:325,44,6,0
BRDA:325,44,7,0
BRDA:325,44,8,0
BRDA:332,45,0,0
BRDA:332,45,1,0
BRDA:333,46,0,0
BRDA:333,46,1,0
BRDA:333,46,2,0
BRDA:333,46,3,0
BRDA:344,47,0,0
BRDA:344,47,1,0
BRDA:345,48,0,0
BRDA:345,48,1,0
BRDA:345,48,2,0
BRDA:345,48,3,0
BRDA:345,48,4,0
BRDA:356,49,0,0
BRDA:356,49,1,0
BRDA:356,50,0,0
BRDA:356,50,1,0
BRDA:375,51,0,0
BRDA:375,51,1,0
BRDA:375,52,0,0
BRDA:375,52,1,0
BRDA:377,53,0,0
BRDA:377,53,1,0
BRDA:401,54,0,0
BRDA:401,54,1,0
BRDA:408,55,0,1
BRDA:408,55,1,1
BRDA:434,56,0,0
BRDA:434,56,1,0
BRDA:460,57,0,0
BRDA:460,57,1,0
BRDA:487,58,0,0
BRDA:487,58,1,1
BRDA:520,59,0,0
BRDA:520,59,1,0
BRDA:532,60,0,0
BRDA:532,60,1,1
BRF:150
BRH:80
end_of_record
TN:
SF:src/js/player.js
FN:1,(anonymous_0)
FNF:1
FNH:1
FNDA:2,(anonymous_0)
DA:1,2
LF:1
LH:1
BRDA:1,0,0,0
BRF:1
BRH:0
end_of_record
TN:
SF:test/testHelpers.js
FN:1,(anonymous_0)
FN:2,(anonymous_1)
FN:14,(anonymous_2)
FN:19,(anonymous_3)
FNF:4
FNH:4
FNDA:1,(anonymous_0)
FNDA:1,(anonymous_1)
FNDA:1,(anonymous_2)
FNDA:1,(anonymous_3)
DA:1,1
DA:2,1
DA:3,1
DA:4,1
DA:11,1
DA:14,1
DA:15,1
DA:16,1
DA:19,1
DA:20,1
DA:21,1
DA:23,1
LF:12
LH:12
BRF:0
BRH:0
end_of_record
